  Function.cpp
  Maze_generate.cpp
D:\C Game Dev\#####\主体Alpha 0.9.0706\Maze_generate.cpp(23,13): error C2065: “endX”: 未声明的标识符
D:\C Game Dev\#####\主体Alpha 0.9.0706\Maze_generate.cpp(23,19): error C2065: “endY”: 未声明的标识符
D:\C Game Dev\#####\主体Alpha 0.9.0706\Maze_generate.cpp(25,13): error C2065: “endX”: 未声明的标识符
D:\C Game Dev\#####\主体Alpha 0.9.0706\Maze_generate.cpp(25,24): error C2065: “endY”: 未声明的标识符
D:\C Game Dev\#####\主体Alpha 0.9.0706\Maze_generate.cpp(53,35): error C2065: “endX”: 未声明的标识符
D:\C Game Dev\#####\主体Alpha 0.9.0706\Maze_generate.cpp(53,41): error C2065: “endY”: 未声明的标识符
D:\C Game Dev\#####\主体Alpha 0.9.0706\Maze_generate.cpp(53,56): error C2065: “endX”: 未声明的标识符
D:\C Game Dev\#####\主体Alpha 0.9.0706\Maze_generate.cpp(53,62): error C2065: “endY”: 未声明的标识符
D:\C Game Dev\#####\主体Alpha 0.9.0706\Maze_generate.cpp(53,11): error C2660: “mh_dist”: 函数不接受 2 个参数
D:\C Game Dev\#####\主体Alpha 0.9.0706\Head.h(24,6): message : 参见“mh_dist”的声明
D:\C Game Dev\#####\主体Alpha 0.9.0706\Maze_generate.cpp(53,11): message : 尝试匹配参数列表“(int, int)”时
D:\C Game Dev\#####\主体Alpha 0.9.0706\Maze_generate.cpp(185,6): error C2065: “endX”: 未声明的标识符
D:\C Game Dev\#####\主体Alpha 0.9.0706\Maze_generate.cpp(185,12): error C2065: “endY”: 未声明的标识符
